\BOOKMARK [1][-]{section.1}{Introduction}{}% 1
\BOOKMARK [2][-]{subsection.1.1}{Project aims}{section.1}% 2
\BOOKMARK [2][-]{subsection.1.2}{Bug reports}{section.1}% 3
\BOOKMARK [1][-]{section.2}{Installation}{}% 4
\BOOKMARK [2][-]{subsection.2.1}{Installing mysql server and client}{section.2}% 5
\BOOKMARK [2][-]{subsection.2.2}{Installing the necessary tools}{section.2}% 6
\BOOKMARK [2][-]{subsection.2.3}{Download the source}{section.2}% 7
\BOOKMARK [2][-]{subsection.2.4}{Building the source and installing}{section.2}% 8
\BOOKMARK [2][-]{subsection.2.5}{Making the manual}{section.2}% 9
\BOOKMARK [3][-]{subsubsection.2.5.1}{Updating to the latest version}{subsection.2.5}% 10
\BOOKMARK [2][-]{subsection.2.6}{Setting up MySQL}{section.2}% 11
\BOOKMARK [3][-]{subsubsection.2.6.1}{Create MySQL User}{subsection.2.6}% 12
\BOOKMARK [2][-]{subsection.2.7}{Initiate the database}{section.2}% 13
\BOOKMARK [2][-]{subsection.2.8}{Setting up syslog}{section.2}% 14
\BOOKMARK [3][-]{subsubsection.2.8.1}{Make syslog use a separate log file for iptables}{subsection.2.8}% 15
\BOOKMARK [2][-]{subsection.2.9}{Enable log-rotate}{section.2}% 16
\BOOKMARK [2][-]{subsection.2.10}{Setting up iptables}{section.2}% 17
\BOOKMARK [3][-]{subsubsection.2.10.1}{Creating the logchains}{subsection.2.10}% 18
\BOOKMARK [3][-]{subsubsection.2.10.2}{A full iptables script}{subsection.2.10}% 19
\BOOKMARK [2][-]{subsection.2.11}{Logging loops caution}{section.2}% 20
\BOOKMARK [1][-]{section.3}{Usage and Syntax}{}% 21
\BOOKMARK [2][-]{subsection.3.1}{Options}{section.3}% 22
\BOOKMARK [3][-]{subsubsection.3.1.1}{Mode switches}{subsection.3.1}% 23
\BOOKMARK [3][-]{subsubsection.3.1.2}{Database options}{subsection.3.1}% 24
\BOOKMARK [3][-]{subsubsection.3.1.3}{Format switches}{subsection.3.1}% 25
\BOOKMARK [3][-]{subsubsection.3.1.4}{DNS Cache switches}{subsection.3.1}% 26
\BOOKMARK [3][-]{subsubsection.3.1.5}{Miscellaneous switches}{subsection.3.1}% 27
\BOOKMARK [1][-]{section.4}{How to use ipta}{}% 28
\BOOKMARK [1][-]{section.5}{Analyzer modules output}{}% 29
\BOOKMARK [2][-]{subsection.5.1}{Denied traffic grouped by IP, destport and action}{section.5}% 30
\BOOKMARK [2][-]{subsection.5.2}{ICMP module}{section.5}% 31
\BOOKMARK [2][-]{subsection.5.3}{Most denied ports module}{section.5}% 32
\BOOKMARK [2][-]{subsection.5.4}{Invalid packets source}{section.5}% 33
\BOOKMARK [2][-]{subsection.5.5}{Interface statistics}{section.5}% 34
\BOOKMARK [1][-]{section.6}{Follow mode}{}% 35
\BOOKMARK [1][-]{section.7}{Scan mode}{}% 36
\BOOKMARK [1][-]{section.8}{Configuration file}{}% 37
\BOOKMARK [2][-]{subsection.8.1}{Keywords}{section.8}% 38
\BOOKMARK [2][-]{subsection.8.2}{Config example}{section.8}% 39
\BOOKMARK [1][-]{section.9}{Database format}{}% 40
\BOOKMARK [1][-]{section.10}{DNS Cache functions}{}% 41
\BOOKMARK [2][-]{subsection.10.1}{Using BIND for local cache}{section.10}% 42
